<?xml version="1.0" encoding="UTF-8"?>
<testng-results ignored="0" total="1" passed="1" failed="0" skipped="0">
  <reporter-output>
  </reporter-output>
  <suite started-at="2026-03-22T10:28:56 IST" name="Default suite" finished-at="2026-03-22T10:30:05 IST" duration-ms="68578">
    <groups>
      <group name="cucumber">
        <method signature="AbstractTestNGCucumberTests.runScenario(io.cucumber.testng.PickleWrapper,io.cucumber.testng.FeatureWrapper)[pri:0, instance:runnerPack.TestRunner@43c1b556]" name="runScenario" class="io.cucumber.testng.AbstractTestNGCucumberTests"/>
      </group> <!-- cucumber -->
    </groups>
    <test started-at="2026-03-22T10:28:56 IST" name="Default test" finished-at="2026-03-22T10:30:05 IST" duration-ms="68578">
      <class name="runnerPack.TestRunner">
        <test-method is-config="true" signature="setUpClass(org.testng.ITestContext)[pri:0, instance:runnerPack.TestRunner@43c1b556]" started-at="2026-03-22T10:28:56 IST" name="setUpClass" finished-at="2026-03-22T10:29:29 IST" duration-ms="32336" status="PASS">
          <params>
            <param index="0">
              <value>
                <![CDATA[org.testng.TestRunner@7544ac86]]>
              </value>
            </param>
          </params>
          <reporter-output>
          </reporter-output>
        </test-method> <!-- setUpClass -->
        <test-method signature="runScenario(io.cucumber.testng.PickleWrapper,io.cucumber.testng.FeatureWrapper)[pri:0, instance:runnerPack.TestRunner@43c1b556]" started-at="2026-03-22T10:29:29 IST" name="runScenario" description="Runs Cucumber Scenarios" data-provider="scenarios" finished-at="2026-03-22T10:30:01 IST" duration-ms="32385" status="PASS">
          <params>
            <param index="0">
              <value>
                <![CDATA["Verify Change Password valid credentials"]]>
              </value>
            </param>
            <param index="1">
              <value>
                <![CDATA["Change Password Feature"]]>
              </value>
            </param>
          </params>
          <reporter-output>
          </reporter-output>
        </test-method> <!-- runScenario -->
        <test-method is-config="true" signature="tearDownClass()[pri:0, instance:runnerPack.TestRunner@43c1b556]" started-at="2026-03-22T10:30:01 IST" name="tearDownClass" finished-at="2026-03-22T10:30:05 IST" duration-ms="3736" status="PASS">
          <reporter-output>
          </reporter-output>
        </test-method> <!-- tearDownClass -->
      </class> <!-- runnerPack.TestRunner -->
    </test> <!-- Default test -->
  </suite> <!-- Default suite -->
</testng-results>
