<?xml version="1.0" encoding="UTF-8"?>
<!-- Generated by org.testng.reporters.JUnitReportReporter -->
<testsuite hostname="LATITUDE" failures="0" tests="3" name="utility.LoginTest" time="0.010" errors="0" timestamp="2026-03-14T08:59:51 IST" skipped="0">
  <testcase classname="utility.LoginTest" name="loginTest" time="0.001"/>
  <testcase classname="utility.LoginTest" name="loginTest" time="0.001"/>
  <testcase classname="utility.LoginTest" name="loginTest" time="0.008"/>
</testsuite> <!-- utility.LoginTest -->
