<?xml version="1.0" encoding="UTF-8"?>
<!-- Generated by org.testng.reporters.JUnitReportReporter -->
<testsuite hostname="LATITUDE" failures="0" tests="3" name="pack1.DataTest" time="0.033" errors="0" timestamp="2026-03-14T09:48:26 IST" skipped="0">
  <testcase classname="pack1.DataTest" name="testCase1" time="0.025"/>
  <testcase classname="pack1.DataTest" name="testCase1" time="0.004"/>
  <testcase classname="pack1.DataTest" name="testCase1" time="0.004"/>
</testsuite> <!-- pack1.DataTest -->
