<?xml version="1.0" encoding="UTF-8"?>
<!-- Generated by org.testng.reporters.JUnitXMLReporter -->
<testsuite ignored="5" hostname="LATITUDE" failures="0" tests="5" name="Test" time="0.106" errors="0" timestamp="2026-03-07T10:43:48 IST">
  <testcase classname="pack1.Class_3" name="testCase2" time="0.012"/>
  <testcase classname="pack1.Class_3" name="testCase4" time="0.004"/>
  <testcase classname="pack1.Class_4" name="testCase10" time="0.002"/>
  <testcase classname="pack1.Class_4" name="testCase6" time="0.003"/>
  <testcase classname="pack1.Class_4" name="testCase8" time="0.002"/>
  <testcase classname="pack1.Class_3" name="testCase5" time="0.0">
    <ignored/>
  </testcase> <!-- testCase5 -->
  <testcase classname="pack1.Class_4" name="testCase7" time="0.0">
    <ignored/>
  </testcase> <!-- testCase7 -->
  <testcase classname="pack1.Class_4" name="testCase9" time="0.0">
    <ignored/>
  </testcase> <!-- testCase9 -->
  <testcase classname="pack1.Class_3" name="testCase1" time="0.0">
    <ignored/>
  </testcase> <!-- testCase1 -->
  <testcase classname="pack1.Class_3" name="testCase3" time="0.0">
    <ignored/>
  </testcase> <!-- testCase3 -->
</testsuite> <!-- Test -->
