<?xml version="1.0" encoding="UTF-8"?>
<testng-results ignored="0" total="1" passed="1" failed="0" skipped="0">
  <reporter-output>
  </reporter-output>
  <suite started-at="2026-03-15T09:45:27 IST" name="Suite" finished-at="2026-03-15T09:46:03 IST" duration-ms="35258">
    <groups>
    </groups>
    <test started-at="2026-03-15T09:45:27 IST" name="Test" finished-at="2026-03-15T09:46:03 IST" duration-ms="35258">
      <class name="testSuites.HeaderSuite">
        <test-method is-config="true" signature="initBrowser(java.lang.String)[pri:0, instance:testSuites.HeaderSuite@40a4337a]" started-at="2026-03-15T09:45:27 IST" name="initBrowser" finished-at="2026-03-15T09:45:35 IST" duration-ms="7517" status="PASS">
          <params>
            <param index="0">
              <value>
                <![CDATA[chrome]]>
              </value>
            </param>
          </params>
          <reporter-output>
          </reporter-output>
        </test-method> <!-- initBrowser -->
        <test-method signature="tc_123_ChangePasswordTest()[pri:0, instance:testSuites.HeaderSuite@40a4337a]" started-at="2026-03-15T09:45:35 IST" name="tc_123_ChangePasswordTest" finished-at="2026-03-15T09:45:59 IST" duration-ms="24241" status="PASS">
          <reporter-output>
          </reporter-output>
        </test-method> <!-- tc_123_ChangePasswordTest -->
        <test-method is-config="true" signature="logout()[pri:0, instance:testSuites.HeaderSuite@40a4337a]" started-at="2026-03-15T09:45:59 IST" name="logout" finished-at="2026-03-15T09:46:03 IST" duration-ms="3303" status="PASS">
          <reporter-output>
          </reporter-output>
        </test-method> <!-- logout -->
      </class> <!-- testSuites.HeaderSuite -->
    </test> <!-- Test -->
  </suite> <!-- Suite -->
</testng-results>
