<?xml version="1.0" encoding="UTF-8"?>
<testng-results ignored="0" total="1" passed="1" failed="0" skipped="0">
  <reporter-output>
  </reporter-output>
  <suite started-at="2026-02-28T11:30:54 IST" name="Default suite" finished-at="2026-02-28T11:30:55 IST" duration-ms="238">
    <groups>
    </groups>
    <test started-at="2026-02-28T11:30:54 IST" name="Default test" finished-at="2026-02-28T11:30:55 IST" duration-ms="238">
      <class name="pack1.Class_1">
        <test-method signature="testCase()[pri:0, instance:pack1.Class_1@38c6f217]" started-at="2026-02-28T11:30:55 IST" name="testCase" finished-at="2026-02-28T11:30:55 IST" duration-ms="41" status="PASS">
          <reporter-output>
          </reporter-output>
        </test-method> <!-- testCase -->
      </class> <!-- pack1.Class_1 -->
    </test> <!-- Default test -->
  </suite> <!-- Default suite -->
</testng-results>
