<?xml version="1.0" encoding="UTF-8"?>
<testng-results ignored="0" total="3" passed="3" failed="0" skipped="0">
  <reporter-output>
  </reporter-output>
  <suite started-at="2026-03-14T09:48:26 IST" name="Default suite" finished-at="2026-03-14T09:48:26 IST" duration-ms="178">
    <groups>
    </groups>
    <test started-at="2026-03-14T09:48:26 IST" name="Default test" finished-at="2026-03-14T09:48:26 IST" duration-ms="178">
      <class name="pack1.DataTest">
        <test-method signature="testCase1(java.lang.String)[pri:0, instance:pack1.DataTest@74235045]" started-at="2026-03-14T09:48:26 IST" name="testCase1" data-provider="TestData" finished-at="2026-03-14T09:48:26 IST" duration-ms="25" status="PASS">
          <params>
            <param index="0">
              <value>
                <![CDATA[ABC]]>
              </value>
            </param>
          </params>
          <reporter-output>
          </reporter-output>
        </test-method> <!-- testCase1 -->
        <test-method signature="testCase1(java.lang.String)[pri:0, instance:pack1.DataTest@74235045]" started-at="2026-03-14T09:48:26 IST" name="testCase1" data-provider="TestData" finished-at="2026-03-14T09:48:26 IST" duration-ms="4" status="PASS">
          <params>
            <param index="0">
              <value>
                <![CDATA[PQR]]>
              </value>
            </param>
          </params>
          <reporter-output>
          </reporter-output>
        </test-method> <!-- testCase1 -->
        <test-method signature="testCase1(java.lang.String)[pri:0, instance:pack1.DataTest@74235045]" started-at="2026-03-14T09:48:26 IST" name="testCase1" data-provider="TestData" finished-at="2026-03-14T09:48:26 IST" duration-ms="4" status="PASS">
          <params>
            <param index="0">
              <value>
                <![CDATA[XYZ]]>
              </value>
            </param>
          </params>
          <reporter-output>
          </reporter-output>
        </test-method> <!-- testCase1 -->
      </class> <!-- pack1.DataTest -->
    </test> <!-- Default test -->
  </suite> <!-- Default suite -->
</testng-results>
