<?xml version="1.0" encoding="UTF-8"?>
<!-- Generated by org.testng.reporters.JUnitXMLReporter -->
<testsuite ignored="0" hostname="LATITUDE" failures="0" tests="3" name="ChromeTest" time="100.655" errors="0" timestamp="2026-03-14T10:12:17 IST">
  <testcase classname="testSuites.HeaderSuite" name="tc_123_ChangePasswordTest" time="19.566"/>
  <testcase classname="testSuites.HeaderSuite" name="tc_124_ChangePasswordTest" time="18.379"/>
  <testcase classname="testSuites.HeaderSuite" name="tc_125_ChangePasswordTest" time="16.946"/>
</testsuite> <!-- ChromeTest -->
