<?xml version="1.0" encoding="UTF-8"?>
<!-- Generated by org.testng.reporters.JUnitXMLReporter -->
<testsuite ignored="0" hostname="LATITUDE" failures="0" tests="3" name="EdgeTest" time="97.769" errors="0" timestamp="2026-03-14T10:12:14 IST">
  <testcase classname="testSuites.HeaderSuite" name="tc_123_ChangePasswordTest" time="19.299"/>
  <testcase classname="testSuites.HeaderSuite" name="tc_124_ChangePasswordTest" time="7.926"/>
  <testcase classname="testSuites.HeaderSuite" name="tc_125_ChangePasswordTest" time="17.794"/>
</testsuite> <!-- EdgeTest -->
